10-02-2023 14:34:43 - user_interface - INFO - menu - menu exit
10-02-2023 14:35:34 - user_interface - INFO - menu - start menu
10-02-2023 14:35:55 - user_interface - INFO - menu - start menu
10-02-2023 14:36:31 - user_interface - INFO - menu - start menu
10-02-2023 14:36:37 - user_interface - INFO - menu - start menu
10-02-2023 14:36:38 - user_interface - INFO - menu - menu exit
10-02-2023 14:36:49 - user_interface - INFO - menu - start menu
10-02-2023 14:36:53 - user_interface - INFO - menu - start menu
10-02-2023 14:36:55 - user_interface - INFO - menu - print_data
10-02-2023 14:36:55 - user_interface - INFO - menu - start menu
10-02-2023 14:45:29 - user_interface - INFO - menu - start menu
10-02-2023 14:45:39 - user_interface - INFO - menu - start menu
10-02-2023 14:45:40 - user_interface - INFO - menu - print_data
10-02-2023 14:45:40 - user_interface - INFO - menu - start menu
10-02-2023 14:45:43 - user_interface - INFO - menu - menu exit
10-02-2023 14:51:28 - user_interface - INFO - menu - start menu
10-02-2023 14:51:30 - user_interface - INFO - menu - start menu
10-02-2023 14:51:32 - user_interface - INFO - menu - start menu
10-02-2023 14:51:33 - user_interface - INFO - menu - start menu
10-02-2023 14:51:33 - user_interface - INFO - menu - start menu
10-02-2023 14:51:34 - user_interface - INFO - menu - start menu
10-02-2023 14:51:35 - user_interface - INFO - menu - menu exit
10-02-2023 14:51:58 - user_interface - INFO - menu - start menu
10-02-2023 14:52:02 - user_interface - INFO - menu - start menu
10-02-2023 14:58:49 - user_interface - INFO - menu - start menu
10-02-2023 14:58:51 - user_interface - INFO - menu - menu exit
10-02-2023 16:49:57 - user_interface - INFO - menu - start menu
10-02-2023 16:49:59 - user_interface - INFO - menu - print_data
10-02-2023 16:49:59 - user_interface - INFO - menu - start menu
10-02-2023 16:50:21 - user_interface - INFO - menu - start menu
10-02-2023 16:50:22 - user_interface - INFO - menu - print_data
10-02-2023 16:50:22 - user_interface - INFO - menu - start menu
10-02-2023 17:00:25 - user_interface - INFO - menu - start menu
10-02-2023 17:00:27 - user_interface - INFO - menu - print_data
10-02-2023 17:00:27 - user_interface - INFO - menu - start menu
10-02-2023 17:00:29 - user_interface - INFO - menu - print_data
10-02-2023 17:00:29 - user_interface - INFO - menu - start menu
10-02-2023 17:00:30 - user_interface - INFO - menu - print_data
10-02-2023 17:00:30 - user_interface - INFO - menu - start menu
10-02-2023 17:00:31 - user_interface - INFO - menu - menu exit
10-02-2023 17:06:10 - user_interface - INFO - menu - start menu
10-02-2023 17:06:12 - user_interface - INFO - menu - print_data
10-02-2023 17:06:12 - user_interface - INFO - menu - start menu
10-02-2023 17:06:15 - user_interface - INFO - menu - menu exit
10-02-2023 17:08:43 - user_interface - INFO - menu - start menu
10-02-2023 17:08:44 - user_interface - ERROR - menu - error: Input Error menu
10-02-2023 17:08:44 - user_interface - INFO - menu - start menu
10-02-2023 17:08:50 - user_interface - INFO - menu - print_data
10-02-2023 17:08:50 - user_interface - INFO - menu - start menu
10-02-2023 17:08:55 - user_interface - INFO - menu - start menu
10-02-2023 17:10:23 - user_interface - INFO - menu - start menu
10-02-2023 17:10:26 - user_interface - INFO - menu - print_data
10-02-2023 17:10:26 - user_interface - INFO - menu - start menu
10-02-2023 17:10:31 - user_interface - INFO - menu - start menu
10-02-2023 17:13:22 - user_interface - INFO - menu - start menu
10-02-2023 17:13:34 - user_interface - INFO - menu - start menu
10-02-2023 17:13:37 - user_interface - INFO - menu - print_data
10-02-2023 17:13:37 - user_interface - INFO - menu - start menu
10-02-2023 17:13:48 - user_interface - INFO - menu - start menu
10-02-2023 17:13:50 - user_interface - INFO - menu - print_data
10-02-2023 17:13:50 - user_interface - INFO - menu - start menu
10-02-2023 17:14:08 - user_interface - INFO - menu - start menu
10-02-2023 17:14:16 - user_interface - INFO - menu - start menu
10-02-2023 17:14:22 - user_interface - INFO - menu - print_data
10-02-2023 17:14:22 - user_interface - INFO - menu - start menu
10-02-2023 17:15:37 - user_interface - INFO - menu - start menu
10-02-2023 17:16:24 - user_interface - INFO - menu - start menu
10-02-2023 17:16:37 - user_interface - INFO - menu - start menu
10-02-2023 17:16:39 - user_interface - INFO - menu - print_data
10-02-2023 17:16:39 - user_interface - INFO - menu - start menu
10-02-2023 17:16:51 - user_interface - INFO - menu - start menu
10-02-2023 17:16:55 - user_interface - INFO - menu - print_data
10-02-2023 17:16:55 - user_interface - INFO - menu - start menu
10-02-2023 17:17:01 - user_interface - INFO - menu - start menu
10-02-2023 17:17:10 - user_interface - INFO - menu - menu exit
10-02-2023 17:25:36 - user_interface - INFO - menu - start menu
10-02-2023 17:25:40 - user_interface - INFO - menu - start menu
10-02-2023 17:25:47 - user_interface - INFO - menu - print_data
10-02-2023 17:25:47 - user_interface - INFO - menu - start menu
10-02-2023 17:25:51 - user_interface - INFO - menu - start menu
10-02-2023 17:25:54 - user_interface - INFO - menu - print_data
10-02-2023 17:25:54 - user_interface - INFO - menu - start menu
10-02-2023 17:26:35 - user_interface - INFO - menu - start menu
10-02-2023 17:26:36 - user_interface - INFO - menu - print_data
10-02-2023 17:26:36 - user_interface - INFO - menu - start menu
10-02-2023 17:26:48 - user_interface - INFO - menu - start menu
10-02-2023 17:26:49 - user_interface - INFO - menu - print_data
10-02-2023 17:26:49 - user_interface - INFO - menu - start menu
10-02-2023 17:27:05 - user_interface - INFO - menu - start menu
10-02-2023 17:27:07 - user_interface - INFO - menu - print_data
10-02-2023 17:27:07 - user_interface - INFO - menu - start menu
10-02-2023 17:27:11 - user_interface - INFO - menu - start menu
10-02-2023 17:27:12 - user_interface - INFO - menu - print_data
10-02-2023 17:27:12 - user_interface - INFO - menu - start menu
10-02-2023 17:27:31 - user_interface - INFO - menu - menu exit
10-02-2023 17:27:48 - user_interface - INFO - menu - start menu
10-02-2023 17:28:02 - user_interface - INFO - menu - start menu
10-02-2023 17:28:03 - user_interface - INFO - menu - print_data
10-02-2023 17:28:03 - user_interface - INFO - menu - start menu
10-02-2023 17:28:14 - user_interface - INFO - menu - start menu
10-02-2023 17:28:23 - user_interface - INFO - menu - print_data
10-02-2023 17:28:23 - user_interface - INFO - menu - start menu
10-02-2023 17:28:30 - user_interface - INFO - menu - start menu
10-02-2023 17:28:33 - user_interface - INFO - menu - print_data
10-02-2023 17:28:33 - user_interface - INFO - menu - start menu
10-02-2023 17:28:38 - user_interface - INFO - menu - menu exit
10-02-2023 17:28:44 - user_interface - INFO - menu - start menu
10-02-2023 17:28:46 - user_interface - ERROR - menu - error: Input Error menu
10-02-2023 17:28:46 - user_interface - INFO - menu - start menu
10-02-2023 17:28:48 - user_interface - ERROR - menu - error: Input Error menu
10-02-2023 17:28:48 - user_interface - INFO - menu - start menu
10-02-2023 17:28:51 - user_interface - ERROR - menu - error: Input Error menu
10-02-2023 17:28:51 - user_interface - INFO - menu - start menu
10-02-2023 17:28:53 - user_interface - INFO - menu - menu exit
10-02-2023 17:37:59 - user_interface - INFO - menu - start menu
10-02-2023 17:38:05 - operation - INFO - print_data - print data
10-02-2023 17:38:05 - user_interface - INFO - menu - start menu
10-02-2023 17:38:12 - operation - INFO - serch_record - serch record
10-02-2023 17:38:12 - user_interface - INFO - menu - start menu
10-02-2023 17:38:17 - operation - INFO - add_record - add record
10-02-2023 17:38:35 - user_interface - INFO - menu - start menu
10-02-2023 17:38:37 - operation - INFO - print_data - print data
10-02-2023 17:38:37 - user_interface - INFO - menu - start menu
10-02-2023 17:38:46 - operation - INFO - edit_record - edit record
10-02-2023 17:38:54 - user_interface - INFO - menu - start menu
10-02-2023 17:38:57 - operation - INFO - print_data - print data
10-02-2023 17:38:57 - user_interface - INFO - menu - start menu
10-02-2023 17:39:02 - user_interface - INFO - menu - menu exit
10-02-2023 17:39:21 - user_interface - INFO - menu - start menu
10-02-2023 17:39:25 - operation - INFO - print_data - print data
10-02-2023 17:39:25 - user_interface - INFO - menu - start menu
10-02-2023 17:39:33 - operation - INFO - edit_record - edit record
10-02-2023 17:39:45 - user_interface - INFO - menu - start menu
10-02-2023 17:39:48 - operation - INFO - print_data - print data
10-02-2023 17:39:48 - user_interface - INFO - menu - start menu
10-02-2023 17:39:55 - operation - INFO - delete_record - delete record
10-02-2023 17:39:55 - user_interface - INFO - menu - start menu
10-02-2023 17:39:56 - operation - INFO - print_data - print data
10-02-2023 17:39:56 - user_interface - INFO - menu - start menu
10-02-2023 17:39:58 - user_interface - INFO - menu - menu exit
